<?xml version="1.0" encoding="UTF-8"?>
<!-- Generated by org.testng.reporters.JUnitReportReporter -->
<testsuite hostname="MINNELAPC-30519EJ" failures="0" tests="2" name="Selenium.Log" time="16.992" errors="0" timestamp="2024-03-27T06:40:54 IST" skipped="0">
  <testcase classname="Selenium.Log" name="testLogin" time="15.417"/>
  <system-out/>
  <testcase classname="Selenium.Log" name="testlogin" time="1.575"/>
  <system-out/>
</testsuite> <!-- Selenium.Log -->
