<?xml version="1.0" encoding="UTF-8"?>
<!-- Generated by org.testng.reporters.JUnitReportReporter -->
<testsuite hostname="MINNELAPC-30519EJ" failures="0" tests="1" name="Selenium.Login" time="10.518" errors="0" timestamp="2024-03-27T06:23:53 IST" skipped="0">
  <testcase classname="Selenium.Login" name="testLogin" time="10.518"/>
  <system-out/>
</testsuite> <!-- Selenium.Login -->
