<?xml version="1.0" encoding="UTF-8"?>
<!-- Generated by org.testng.reporters.JUnitReportReporter -->
<testsuite hostname="MINNELAPC-30519EJ" failures="0" tests="1" name="qsp.TestngDemo" time="0.011" errors="0" timestamp="2024-04-15T13:01:57 IST" skipped="0">
  <testcase classname="qsp.TestngDemo" name="testDemo" time="0.011"/>
  <system-out>
    <![CDATA[welcome to testng]]>
  </system-out>
</testsuite> <!-- qsp.TestngDemo -->
